# JRE version: OpenJDK Runtime Environment (8.0_152-b01) (build 1.8.0_152-release-1012-b01)
# Java VM: OpenJDK 64-Bit Server VM (25.152-b01 mixed mode windows-amd64 compressed oops)
Heap:
 PSYoungGen      total 164864K, used 49540K [0x00000000e0000000, 0x00000000ed980000, 0x0000000100000000)
  eden space 152576K, 24% used [0x00000000e0000000,0x00000000e2497748,0x00000000e9500000)
  from space 12288K, 98% used [0x00000000ecd80000,0x00000000ed949978,0x00000000ed980000)
  to   space 27136K, 0% used [0x00000000ea480000,0x00000000ea480000,0x00000000ebf00000)
 ParOldGen       total 92160K, used 61201K [0x00000000a0000000, 0x00000000a5a00000, 0x00000000e0000000)
  object space 92160K, 66% used [0x00000000a0000000,0x00000000a3bc47a8,0x00000000a5a00000)
 Metaspace       used 69955K, capacity 73444K, committed 73816K, reserved 1114112K
  class space    used 9119K, capacity 10026K, committed 10112K, reserved 1048576K
GC Heap History (10 events):
Event: 26.324 GC heap before
{Heap before GC invocations=15 (full 3):
 PSYoungGen      total 186368K, used 15848K [0x00000000e0000000, 0x00000000ed700000, 0x0000000100000000)
  eden space 170496K, 0% used [0x00000000e0000000,0x00000000e0000000,0x00000000ea680000)
  from space 15872K, 99% used [0x00000000ebb00000,0x00000000eca7a330,0x00000000eca80000)
  to   space 20992K, 0% used [0x00000000ea680000,0x00000000ea680000,0x00000000ebb00000)
 ParOldGen       total 58880K, used 30919K [0x00000000a0000000, 0x00000000a3980000, 0x00000000e0000000)
  object space 58880K, 52% used [0x00000000a0000000,0x00000000a1e31d28,0x00000000a3980000)
 Metaspace       used 57220K, capacity 58992K, committed 59028K, reserved 1099776K
  class space    used 7694K, capacity 8158K, committed 8192K, reserved 1048576K
Event: 26.582 GC heap after
Heap after GC invocations=15 (full 3):
 PSYoungGen      total 186368K, used 0K [0x00000000e0000000, 0x00000000ed700000, 0x0000000100000000)
  eden space 170496K, 0% used [0x00000000e0000000,0x00000000e0000000,0x00000000ea680000)
  from space 15872K, 0% used [0x00000000ebb00000,0x00000000ebb00000,0x00000000eca80000)
  to   space 20992K, 0% used [0x00000000ea680000,0x00000000ea680000,0x00000000ebb00000)
 ParOldGen       total 92160K, used 37237K [0x00000000a0000000, 0x00000000a5a00000, 0x00000000e0000000)
  object space 92160K, 40% used [0x00000000a0000000,0x00000000a245d6f8,0x00000000a5a00000)
 Metaspace       used 57220K, capacity 58992K, committed 59028K, reserved 1099776K
  class space    used 7694K, capacity 8158K, committed 8192K, reserved 1048576K
}
Event: 32.113 GC heap before
{Heap before GC invocations=16 (full 3):
 PSYoungGen      total 186368K, used 170496K [0x00000000e0000000, 0x00000000ed700000, 0x0000000100000000)
  eden space 170496K, 100% used [0x00000000e0000000,0x00000000ea680000,0x00000000ea680000)
  from space 15872K, 0% used [0x00000000ebb00000,0x00000000ebb00000,0x00000000eca80000)
  to   space 20992K, 0% used [0x00000000ea680000,0x00000000ea680000,0x00000000ebb00000)
 ParOldGen       total 92160K, used 37237K [0x00000000a0000000, 0x00000000a5a00000, 0x00000000e0000000)
  object space 92160K, 40% used [0x00000000a0000000,0x00000000a245d6f8,0x00000000a5a00000)
 Metaspace       used 61659K, capacity 64120K, committed 64472K, reserved 1105920K
  class space    used 8250K, capacity 8850K, committed 8960K, reserved 1048576K
Event: 32.179 GC heap after
Heap after GC invocations=16 (full 3):
 PSYoungGen      total 191488K, used 20765K [0x00000000e0000000, 0x00000000f0080000, 0x0000000100000000)
  eden space 170496K, 0% used [0x00000000e0000000,0x00000000e0000000,0x00000000ea680000)
  from space 20992K, 98% used [0x00000000ea680000,0x00000000ebac77a0,0x00000000ebb00000)
  to   space 24576K, 0% used [0x00000000ee880000,0x00000000ee880000,0x00000000f0080000)
 ParOldGen       total 92160K, used 37245K [0x00000000a0000000, 0x00000000a5a00000, 0x00000000e0000000)
  object space 92160K, 40% used [0x00000000a0000000,0x00000000a245f6f8,0x00000000a5a00000)
 Metaspace       used 61659K, capacity 64120K, committed 64472K, reserved 1105920K
  class space    used 8250K, capacity 8850K, committed 8960K, reserved 1048576K
}
Event: 635.322 GC heap before
{Heap before GC invocations=17 (full 3):
 PSYoungGen      total 191488K, used 191261K [0x00000000e0000000, 0x00000000f0080000, 0x0000000100000000)
  eden space 170496K, 100% used [0x00000000e0000000,0x00000000ea680000,0x00000000ea680000)
  from space 20992K, 98% used [0x00000000ea680000,0x00000000ebac77a0,0x00000000ebb00000)
  to   space 24576K, 0% used [0x00000000ee880000,0x00000000ee880000,0x00000000f0080000)
 ParOldGen       total 92160K, used 37245K [0x00000000a0000000, 0x00000000a5a00000, 0x00000000e0000000)
  object space 92160K, 40% used [0x00000000a0000000,0x00000000a245f6f8,0x00000000a5a00000)
 Metaspace       used 65435K, capacity 68508K, committed 68568K, reserved 1107968K
  class space    used 8632K, capacity 9419K, committed 9472K, reserved 1048576K
Event: 635.372 GC heap after
Heap after GC invocations=17 (full 3):
 PSYoungGen      total 188928K, used 24559K [0x00000000e0000000, 0x00000000f0080000, 0x0000000100000000)
  eden space 164352K, 0% used [0x00000000e0000000,0x00000000e0000000,0x00000000ea080000)
  from space 24576K, 99% used [0x00000000ee880000,0x00000000f007bcf0,0x00000000f0080000)
  to   space 28672K, 0% used [0x00000000ec880000,0x00000000ec880000,0x00000000ee480000)
 ParOldGen       total 92160K, used 38423K [0x00000000a0000000, 0x00000000a5a00000, 0x00000000e0000000)
  object space 92160K, 41% used [0x00000000a0000000,0x00000000a2585f70,0x00000000a5a00000)
 Metaspace       used 65435K, capacity 68508K, committed 68568K, reserved 1107968K
  class space    used 8632K, capacity 9419K, committed 9472K, reserved 1048576K
}
Event: 1883.540 GC heap before
{Heap before GC invocations=18 (full 3):
 PSYoungGen      total 188928K, used 188911K [0x00000000e0000000, 0x00000000f0080000, 0x0000000100000000)
  eden space 164352K, 100% used [0x00000000e0000000,0x00000000ea080000,0x00000000ea080000)
  from space 24576K, 99% used [0x00000000ee880000,0x00000000f007bcf0,0x00000000f0080000)
  to   space 28672K, 0% used [0x00000000ec880000,0x00000000ec880000,0x00000000ee480000)
 ParOldGen       total 92160K, used 38423K [0x00000000a0000000, 0x00000000a5a00000, 0x00000000e0000000)
  object space 92160K, 41% used [0x00000000a0000000,0x00000000a2585f70,0x00000000a5a00000)
 Metaspace       used 66194K, capacity 69666K, committed 69720K, reserved 1110016K
  class space    used 8706K, capacity 9583K, committed 9600K, reserved 1048576K
Event: 1883.582 GC heap after
Heap after GC invocations=18 (full 3):
 PSYoungGen      total 162816K, used 4288K [0x00000000e0000000, 0x00000000ee900000, 0x0000000100000000)
  eden space 158208K, 0% used [0x00000000e0000000,0x00000000e0000000,0x00000000e9a80000)
  from space 4608K, 93% used [0x00000000ec880000,0x00000000eccb0040,0x00000000ecd00000)
  to   space 28160K, 0% used [0x00000000ecd80000,0x00000000ecd80000,0x00000000ee900000)
 ParOldGen       total 92160K, used 61193K [0x00000000a0000000, 0x00000000a5a00000, 0x00000000e0000000)
  object space 92160K, 66% used [0x00000000a0000000,0x00000000a3bc27a8,0x00000000a5a00000)
 Metaspace       used 66194K, capacity 69666K, committed 69720K, reserved 1110016K
  class space    used 8706K, capacity 9583K, committed 9600K, reserved 1048576K
}
Event: 1923.118 GC heap before
{Heap before GC invocations=19 (full 3):
 PSYoungGen      total 162816K, used 162496K [0x00000000e0000000, 0x00000000ee900000, 0x0000000100000000)
  eden space 158208K, 100% used [0x00000000e0000000,0x00000000e9a80000,0x00000000e9a80000)
  from space 4608K, 93% used [0x00000000ec880000,0x00000000eccb0040,0x00000000ecd00000)
  to   space 28160K, 0% used [0x00000000ecd80000,0x00000000ecd80000,0x00000000ee900000)
 ParOldGen       total 92160K, used 61193K [0x00000000a0000000, 0x00000000a5a00000, 0x00000000e0000000)
  object space 92160K, 66% used [0x00000000a0000000,0x00000000a3bc27a8,0x00000000a5a00000)
 Metaspace       used 69810K, capacity 73374K, committed 73560K, reserved 1112064K
  class space    used 9118K, capacity 10025K, committed 10112K, reserved 1048576K
Event: 1923.136 GC heap after
Heap after GC invocations=19 (full 3):
 PSYoungGen      total 164864K, used 12070K [0x00000000e0000000, 0x00000000ed980000, 0x0000000100000000)
  eden space 152576K, 0% used [0x00000000e0000000,0x00000000e0000000,0x00000000e9500000)
  from space 12288K, 98% used [0x00000000ecd80000,0x00000000ed949978,0x00000000ed980000)
  to   space 27136K, 0% used [0x00000000ea480000,0x00000000ea480000,0x00000000ebf00000)
 ParOldGen       total 92160K, used 61201K [0x00000000a0000000, 0x00000000a5a00000, 0x00000000e0000000)
  object space 92160K, 66% used [0x00000000a0000000,0x00000000a3bc47a8,0x00000000a5a00000)
 Metaspace       used 69810K, capacity 73374K, committed 73560K, reserved 1112064K
  class space    used 9118K, capacity 10025K, committed 10112K, reserved 1048576K
}

